<?xml version="1.0" encoding="UTF-8"?>
<!-- Generated by org.testng.reporters.JUnitReportReporter -->
<testsuite hostname="DESKTOP-G27F0QU" failures="0" tests="6" name="com.assignment.Ass2" time="14.313" errors="0" timestamp="2025-07-01T13:11:58 IST" skipped="0">
  <testcase classname="com.assignment.Ass2" name="test" time="3.116"/>
  <testcase classname="com.assignment.Ass2" name="test" time="3.114"/>
  <testcase classname="com.assignment.Ass2" name="test" time="3.109"/>
  <testcase classname="com.assignment.Ass2" name="test" time="3.750"/>
  <testcase classname="com.assignment.Ass2" name="test" time="1.120"/>
  <testcase classname="com.assignment.Ass2" name="test" time="0.104"/>
</testsuite> <!-- com.assignment.Ass2 -->
