<?xml version="1.0" encoding="UTF-8"?>
<!-- Generated by org.testng.reporters.JUnitReportReporter -->
<testsuite hostname="DESKTOP-G27F0QU" failures="0" tests="6" name="com.assignment.Ass3" time="19.487" errors="0" timestamp="2025-07-01T15:06:49 IST" skipped="0">
  <testcase classname="com.assignment.Ass3" name="test" time="3.171"/>
  <testcase classname="com.assignment.Ass3" name="test" time="3.437"/>
  <testcase classname="com.assignment.Ass3" name="test" time="1.001"/>
  <testcase classname="com.assignment.Ass3" name="test" time="0.107"/>
  <testcase classname="com.assignment.Ass3" name="test" time="3.130"/>
  <testcase classname="com.assignment.Ass3" name="test" time="8.641"/>
</testsuite> <!-- com.assignment.Ass3 -->
