<?xml version="1.0" encoding="UTF-8"?>
<!-- Generated by org.testng.reporters.JUnitReportReporter -->
<testsuite hostname="Kavitas-MacBook-Air.local" failures="0" tests="1" name="com.mvn2.PracTestNG" time="0.016" errors="0" timestamp="2025-07-01T14:14:06 IST" skipped="0">
  <testcase classname="com.mvn2.PracTestNG" name="test" time="0.016"/>
</testsuite> <!-- com.mvn2.PracTestNG -->
