<?xml version="1.0" encoding="UTF-8"?>
<!-- Generated by org.testng.reporters.JUnitReportReporter -->
<testsuite hostname="Kavitas-MacBook-Air.local" failures="0" tests="1" name="com.mvn2.MavenAss3" time="6.216" errors="0" timestamp="2025-07-01T14:13:45 IST" skipped="0">
  <testcase classname="com.mvn2.MavenAss3" name="MyTest" time="6.216"/>
</testsuite> <!-- com.mvn2.MavenAss3 -->
