<?xml version="1.0" encoding="UTF-8"?>
<!-- Generated by org.testng.reporters.JUnitReportReporter -->
<testsuite hostname="DESKTOP-G27F0QU" failures="0" tests="1" name="com.fw.DataDriven1" time="31.278" errors="0" timestamp="2025-06-13T15:26:54 IST" skipped="0">
  <testcase classname="com.fw.DataDriven1" name="test" time="31.278"/>
</testsuite> <!-- com.fw.DataDriven1 -->
