<?xml version="1.0" encoding="UTF-8"?>
<!-- Generated by org.testng.reporters.JUnitReportReporter -->
<testsuite hostname="DESKTOP-G27F0QU" failures="0" tests="1" name="com.assignment.Ass1" time="14.591" errors="0" timestamp="2025-07-01T12:54:11 IST" skipped="0">
  <testcase classname="com.assignment.Ass1" name="test" time="14.591"/>
</testsuite> <!-- com.assignment.Ass1 -->
