<?xml version="1.0" encoding="UTF-8"?>
<!-- Generated by org.testng.reporters.JUnitReportReporter -->
<testsuite hostname="DESKTOP-G27F0QU" failures="0" tests="1" name="com.fw.DataDrivenDemo" time="31.791" errors="0" timestamp="2025-06-12T14:22:06 IST" skipped="0">
  <testcase classname="com.fw.DataDrivenDemo" name="test" time="31.791"/>
</testsuite> <!-- com.fw.DataDrivenDemo -->
