<?xml version="1.0" encoding="UTF-8"?>
<!-- Generated by org.testng.reporters.JUnitReportReporter -->
<testsuite hostname="DESKTOP-G27F0QU" failures="0" tests="1" name="com.prac1.As12" time="0.007" errors="0" timestamp="2025-07-12T14:07:56 IST" skipped="0">
  <testcase classname="com.prac1.As12" name="test" time="0.007"/>
</testsuite> <!-- com.prac1.As12 -->
