<?xml version="1.0" encoding="UTF-8"?>
<!-- Generated by org.testng.reporters.JUnitReportReporter -->
<testsuite hostname="DESKTOP-G27F0QU" failures="0" tests="7" name="com.prac1.As18" time="0.023" errors="0" timestamp="2025-07-15T18:12:50 IST" skipped="0">
  <testcase classname="com.prac1.As18" name="purple3" time="0.003"/>
  <testcase classname="com.prac1.As18" name="purple2" time="0.002"/>
  <testcase classname="com.prac1.As18" name="purple_yellow" time="0.001"/>
  <testcase classname="com.prac1.As18" name="yellow2" time="0.003"/>
  <testcase classname="com.prac1.As18" name="yellow3" time="0.002"/>
  <testcase classname="com.prac1.As18" name="purple1" time="0.010"/>
  <testcase classname="com.prac1.As18" name="yellow1" time="0.002"/>
</testsuite> <!-- com.prac1.As18 -->
